# JRE version: Java(TM) SE Runtime Environment (8.0_144-b01) (build 1.8.0_144-b01)
# Java VM: Java HotSpot(TM) 64-Bit Server VM (25.144-b01 mixed mode windows-amd64 compressed oops)
Heap:
 PSYoungGen      total 31744K, used 11417K [0x00000000d8400000, 0x00000000dbf80000, 0x0000000100000000)
  eden space 30208K, 33% used [0x00000000d8400000,0x00000000d8dbd738,0x00000000da180000)
  from space 1536K, 93% used [0x00000000dbe00000,0x00000000dbf68d20,0x00000000dbf80000)
  to   space 12800K, 0% used [0x00000000da680000,0x00000000da680000,0x00000000db300000)
 ParOldGen       total 59392K, used 9487K [0x0000000088c00000, 0x000000008c600000, 0x00000000d8400000)
  object space 59392K, 15% used [0x0000000088c00000,0x0000000089543ff8,0x000000008c600000)
 Metaspace       used 24239K, capacity 24872K, committed 25088K, reserved 1071104K
  class space    used 2805K, capacity 2956K, committed 3072K, reserved 1048576K
GC Heap History (10 events):
Event: 6.765 GC heap before
{Heap before GC invocations=3 (full 0):
 PSYoungGen      total 35840K, used 35836K [0x00000000d8400000, 0x00000000dca00000, 0x0000000100000000)
  eden space 30720K, 100% used [0x00000000d8400000,0x00000000da200000,0x00000000da200000)
  from space 5120K, 99% used [0x00000000da700000,0x00000000dabff240,0x00000000dac00000)
  to   space 5120K, 0% used [0x00000000da200000,0x00000000da200000,0x00000000da700000)
 ParOldGen       total 81920K, used 4526K [0x0000000088c00000, 0x000000008dc00000, 0x00000000d8400000)
  object space 81920K, 5% used [0x0000000088c00000,0x000000008906b8d0,0x000000008dc00000)
 Metaspace       used 20130K, capacity 20478K, committed 20736K, reserved 1067008K
  class space    used 2416K, capacity 2519K, committed 2560K, reserved 1048576K
Event: 6.782 GC heap after
Heap after GC invocations=3 (full 0):
 PSYoungGen      total 35840K, used 5114K [0x00000000d8400000, 0x00000000dac00000, 0x0000000100000000)
  eden space 30720K, 0% used [0x00000000d8400000,0x00000000d8400000,0x00000000da200000)
  from space 5120K, 99% used [0x00000000da200000,0x00000000da6fe860,0x00000000da700000)
  to   space 5120K, 0% used [0x00000000da700000,0x00000000da700000,0x00000000dac00000)
 ParOldGen       total 81920K, used 9120K [0x0000000088c00000, 0x000000008dc00000, 0x00000000d8400000)
  object space 81920K, 11% used [0x0000000088c00000,0x00000000894e8058,0x000000008dc00000)
 Metaspace       used 20130K, capacity 20478K, committed 20736K, reserved 1067008K
  class space    used 2416K, capacity 2519K, committed 2560K, reserved 1048576K
}
Event: 7.232 GC heap before
{Heap before GC invocations=4 (full 0):
 PSYoungGen      total 35840K, used 10516K [0x00000000d8400000, 0x00000000dac00000, 0x0000000100000000)
  eden space 30720K, 17% used [0x00000000d8400000,0x00000000d8946878,0x00000000da200000)
  from space 5120K, 99% used [0x00000000da200000,0x00000000da6fe860,0x00000000da700000)
  to   space 5120K, 0% used [0x00000000da700000,0x00000000da700000,0x00000000dac00000)
 ParOldGen       total 81920K, used 9120K [0x0000000088c00000, 0x000000008dc00000, 0x00000000d8400000)
  object space 81920K, 11% used [0x0000000088c00000,0x00000000894e8058,0x000000008dc00000)
 Metaspace       used 20629K, capacity 21038K, committed 21296K, reserved 1069056K
  class space    used 2484K, capacity 2621K, committed 2688K, reserved 1048576K
Event: 7.245 GC heap after
Heap after GC invocations=4 (full 0):
 PSYoungGen      total 35840K, used 5095K [0x00000000d8400000, 0x00000000dca00000, 0x0000000100000000)
  eden space 30720K, 0% used [0x00000000d8400000,0x00000000d8400000,0x00000000da200000)
  from space 5120K, 99% used [0x00000000da700000,0x00000000dabf9ff0,0x00000000dac00000)
  to   space 5120K, 0% used [0x00000000da200000,0x00000000da200000,0x00000000da700000)
 ParOldGen       total 81920K, used 9842K [0x0000000088c00000, 0x000000008dc00000, 0x00000000d8400000)
  object space 81920K, 12% used [0x0000000088c00000,0x000000008959cb10,0x000000008dc00000)
 Metaspace       used 20629K, capacity 21038K, committed 21296K, reserved 1069056K
  class space    used 2484K, capacity 2621K, committed 2688K, reserved 1048576K
}
Event: 7.245 GC heap before
{Heap before GC invocations=5 (full 1):
 PSYoungGen      total 35840K, used 5095K [0x00000000d8400000, 0x00000000dca00000, 0x0000000100000000)
  eden space 30720K, 0% used [0x00000000d8400000,0x00000000d8400000,0x00000000da200000)
  from space 5120K, 99% used [0x00000000da700000,0x00000000dabf9ff0,0x00000000dac00000)
  to   space 5120K, 0% used [0x00000000da200000,0x00000000da200000,0x00000000da700000)
 ParOldGen       total 81920K, used 9842K [0x0000000088c00000, 0x000000008dc00000, 0x00000000d8400000)
  object space 81920K, 12% used [0x0000000088c00000,0x000000008959cb10,0x000000008dc00000)
 Metaspace       used 20629K, capacity 21038K, committed 21296K, reserved 1069056K
  class space    used 2484K, capacity 2621K, committed 2688K, reserved 1048576K
Event: 7.313 GC heap after
Heap after GC invocations=5 (full 1):
 PSYoungGen      total 35840K, used 0K [0x00000000d8400000, 0x00000000dca00000, 0x0000000100000000)
  eden space 30720K, 0% used [0x00000000d8400000,0x00000000d8400000,0x00000000da200000)
  from space 5120K, 0% used [0x00000000da700000,0x00000000da700000,0x00000000dac00000)
  to   space 5120K, 0% used [0x00000000da200000,0x00000000da200000,0x00000000da700000)
 ParOldGen       total 59392K, used 9487K [0x0000000088c00000, 0x000000008c600000, 0x00000000d8400000)
  object space 59392K, 15% used [0x0000000088c00000,0x0000000089543ff8,0x000000008c600000)
 Metaspace       used 20629K, capacity 21038K, committed 21296K, reserved 1069056K
  class space    used 2484K, capacity 2621K, committed 2688K, reserved 1048576K
}
Event: 771.059 GC heap before
{Heap before GC invocations=6 (full 1):
 PSYoungGen      total 35840K, used 30720K [0x00000000d8400000, 0x00000000dca00000, 0x0000000100000000)
  eden space 30720K, 100% used [0x00000000d8400000,0x00000000da200000,0x00000000da200000)
  from space 5120K, 0% used [0x00000000da700000,0x00000000da700000,0x00000000dac00000)
  to   space 5120K, 0% used [0x00000000da200000,0x00000000da200000,0x00000000da700000)
 ParOldGen       total 59392K, used 9487K [0x0000000088c00000, 0x000000008c600000, 0x00000000d8400000)
  object space 59392K, 15% used [0x0000000088c00000,0x0000000089543ff8,0x000000008c600000)
 Metaspace       used 23663K, capacity 24226K, committed 24448K, reserved 1071104K
  class space    used 2767K, capacity 2941K, committed 2944K, reserved 1048576K
Event: 771.227 GC heap after
Heap after GC invocations=6 (full 1):
 PSYoungGen      total 35840K, used 1793K [0x00000000d8400000, 0x00000000dca00000, 0x0000000100000000)
  eden space 30720K, 0% used [0x00000000d8400000,0x00000000d8400000,0x00000000da200000)
  from space 5120K, 35% used [0x00000000da200000,0x00000000da3c06d0,0x00000000da700000)
  to   space 12288K, 0% used [0x00000000dbe00000,0x00000000dbe00000,0x00000000dca00000)
 ParOldGen       total 59392K, used 9487K [0x0000000088c00000, 0x000000008c600000, 0x00000000d8400000)
  object space 59392K, 15% used [0x0000000088c00000,0x0000000089543ff8,0x000000008c600000)
 Metaspace       used 23663K, capacity 24226K, committed 24448K, reserved 1071104K
  class space    used 2767K, capacity 2941K, committed 2944K, reserved 1048576K
}
Event: 1232.056 GC heap before
{Heap before GC invocations=7 (full 1):
 PSYoungGen      total 35840K, used 32513K [0x00000000d8400000, 0x00000000dca00000, 0x0000000100000000)
  eden space 30720K, 100% used [0x00000000d8400000,0x00000000da200000,0x00000000da200000)
  from space 5120K, 35% used [0x00000000da200000,0x00000000da3c06d0,0x00000000da700000)
  to   space 12288K, 0% used [0x00000000dbe00000,0x00000000dbe00000,0x00000000dca00000)
 ParOldGen       total 59392K, used 9487K [0x0000000088c00000, 0x000000008c600000, 0x00000000d8400000)
  object space 59392K, 15% used [0x0000000088c00000,0x0000000089543ff8,0x000000008c600000)
 Metaspace       used 24079K, capacity 24710K, committed 25088K, reserved 1071104K
  class space    used 2789K, capacity 2949K, committed 3072K, reserved 1048576K
Event: 1232.080 GC heap after
Heap after GC invocations=7 (full 1):
 PSYoungGen      total 31744K, used 1443K [0x00000000d8400000, 0x00000000dbf80000, 0x0000000100000000)
  eden space 30208K, 0% used [0x00000000d8400000,0x00000000d8400000,0x00000000da180000)
  from space 1536K, 93% used [0x00000000dbe00000,0x00000000dbf68d20,0x00000000dbf80000)
  to   space 12800K, 0% used [0x00000000da680000,0x00000000da680000,0x00000000db300000)
 ParOldGen       total 59392K, used 9487K [0x0000000088c00000, 0x000000008c600000, 0x00000000d8400000)
  object space 59392K, 15% used [0x0000000088c00000,0x0000000089543ff8,0x000000008c600000)
 Metaspace       used 24079K, capacity 24710K, committed 25088K, reserved 1071104K
  class space    used 2789K, capacity 2949K, committed 3072K, reserved 1048576K
}

